SF:lib/core/storage/file_manager.dart
DA:18,2
DA:23,1
DA:26,1
DA:36,2
DA:39,0
DA:40,0
DA:41,0
DA:45,0
DA:53,0
DA:54,0
DA:55,0
DA:56,0
DA:62,1
DA:65,0
DA:66,0
DA:72,1
DA:81,1
DA:82,1
DA:83,1
DA:88,0
DA:89,0
DA:90,0
DA:93,0
DA:98,0
DA:106,0
DA:107,0
DA:108,0
DA:116,0
DA:120,1
DA:123,0
DA:124,0
DA:132,0
DA:139,0
DA:140,0
DA:143,0
DA:148,0
DA:156,0
DA:157,0
DA:158,0
DA:159,0
DA:164,0
DA:165,0
DA:166,0
DA:167,0
DA:168,0
DA:173,0
DA:177,0
DA:180,0
DA:181,0
DA:187,0
DA:189,0
DA:192,0
DA:195,0
DA:196,0
DA:200,0
DA:211,0
DA:213,0
DA:214,0
DA:216,0
DA:217,0
DA:218,0
DA:219,0
DA:220,0
DA:221,0
DA:222,0
DA:232,0
DA:235,0
DA:236,0
DA:240,0
DA:242,0
DA:243,0
DA:244,0
DA:245,0
DA:246,0
DA:250,0
DA:253,0
DA:254,0
DA:261,0
DA:263,0
DA:264,0
DA:266,0
DA:270,0
DA:275,0
DA:276,0
DA:277,0
DA:278,0
DA:283,0
DA:284,0
DA:285,0
DA:286,0
DA:297,1
DA:299,2
DA:303,0
DA:304,0
DA:305,0
DA:307,0
DA:309,0
DA:312,0
DA:317,0
DA:318,0
DA:319,0
DA:320,0
DA:321,0
DA:323,0
DA:327,0
DA:329,0
DA:330,0
DA:331,0
DA:332,0
DA:336,0
DA:337,0
DA:338,0
DA:339,0
DA:341,0
DA:346,0
DA:347,0
DA:352,0
DA:355,0
DA:356,0
DA:362,0
DA:363,0
DA:367,0
DA:368,0
DA:383,0
DA:395,0
DA:396,0
DA:397,0
DA:398,0
DA:399,0
DA:401,0
DA:405,0
DA:407,0
DA:411,0
DA:413,0
LF:134
LH:12
end_of_record
SF:lib/core/config/app_config.dart
DA:13,2
DA:15,1
DA:18,0
DA:20,0
DA:22,0
DA:23,0
DA:24,2
DA:27,1
DA:28,1
DA:29,0
DA:32,0
DA:33,0
DA:34,0
DA:35,0
DA:36,0
DA:37,0
DA:40,0
DA:41,0
DA:42,0
DA:43,0
DA:44,0
DA:45,0
DA:48,1
DA:49,1
DA:50,1
DA:53,0
DA:54,0
DA:55,0
DA:58,0
DA:59,0
DA:60,0
DA:63,0
DA:64,0
DA:65,0
DA:68,0
DA:69,0
DA:72,0
DA:73,0
DA:74,0
DA:75,0
DA:76,0
DA:79,0
DA:80,0
DA:82,0
DA:83,0
DA:84,0
DA:85,0
DA:86,0
DA:94,0
DA:96,0
DA:102,1
DA:104,2
DA:106,0
DA:112,0
DA:114,0
DA:115,0
DA:122,0
DA:123,0
DA:124,0
DA:125,0
DA:126,0
DA:127,0
DA:128,0
DA:130,0
DA:131,0
DA:132,0
DA:133,0
DA:134,0
DA:135,0
DA:139,0
DA:141,0
DA:142,0
DA:143,0
DA:144,0
DA:145,0
LF:75
LH:10
end_of_record
SF:lib/core/constants/app_constants.dart
DA:55,0
LF:1
LH:0
end_of_record
SF:lib/core/constants/api_constants.dart
DA:68,0
LF:1
LH:0
end_of_record
SF:lib/core/constants/storage_constants.dart
DA:82,0
LF:1
LH:0
end_of_record
SF:lib/core/errors/exceptions.dart
DA:8,0
DA:17,0
DA:18,0
DA:23,0
DA:30,0
DA:31,0
DA:42,3
DA:49,0
DA:50,0
DA:55,0
DA:62,0
DA:63,0
DA:71,0
DA:80,0
DA:81,0
DA:86,0
DA:93,0
DA:94,0
DA:99,0
DA:106,0
DA:107,0
DA:112,2
DA:119,0
DA:120,0
DA:125,0
DA:132,0
DA:133,0
DA:141,0
DA:150,0
DA:151,0
DA:158,1
DA:166,0
DA:167,0
DA:174,0
DA:182,0
DA:183,0
DA:190,1
DA:198,0
DA:199,0
DA:206,0
DA:214,0
DA:215,0
LF:42
LH:4
end_of_record
SF:lib/core/network/dio_client.dart
DA:14,2
DA:19,1
DA:20,2
DA:21,1
DA:25,0
DA:28,1
DA:29,1
DA:31,3
DA:32,1
DA:33,1
DA:34,1
DA:35,1
DA:38,3
DA:43,3
DA:44,1
DA:45,1
DA:46,1
DA:47,1
DA:52,1
DA:53,3
DA:54,1
DA:66,0
DA:68,0
DA:72,0
DA:74,0
DA:78,0
DA:79,0
DA:80,0
DA:81,0
DA:82,0
DA:84,0
DA:85,0
DA:86,0
DA:92,0
DA:93,0
DA:94,0
DA:95,0
DA:96,0
DA:97,0
DA:102,0
DA:103,0
DA:105,0
DA:106,0
DA:111,0
DA:112,0
DA:117,0
DA:118,0
DA:123,0
DA:124,0
DA:125,0
DA:132,0
DA:134,0
DA:137,0
DA:138,0
DA:142,0
DA:145,0
DA:148,0
DA:151,0
DA:154,0
DA:157,0
DA:160,0
DA:163,0
DA:167,0
DA:171,0
DA:172,0
DA:173,0
DA:174,0
DA:176,0
DA:180,0
DA:183,0
DA:184,0
DA:189,0
DA:191,0
DA:192,0
DA:199,0
DA:206,0
DA:209,0
DA:217,0
DA:220,0
DA:221,0
DA:227,0
DA:236,0
DA:239,0
DA:249,0
DA:252,0
DA:253,0
DA:259,0
DA:268,0
DA:271,0
DA:281,0
DA:284,0
DA:285,0
DA:291,0
DA:298,0
DA:301,0
DA:309,0
DA:312,0
DA:313,0
DA:319,0
DA:329,0
DA:332,0
DA:343,0
DA:346,0
DA:347,0
DA:353,0
DA:354,0
DA:355,0
DA:363,0
DA:364,0
DA:368,0
DA:369,0
DA:373,0
DA:374,0
DA:378,0
DA:379,0
DA:383,0
DA:384,0
LF:117
LH:20
end_of_record
SF:lib/core/storage/local_storage.dart
DA:15,2
DA:22,1
DA:25,0
DA:27,0
DA:28,0
DA:29,0
DA:30,0
DA:32,0
DA:33,0
DA:34,0
DA:35,0
DA:38,0
DA:40,0
DA:41,0
DA:47,0
DA:48,0
DA:49,0
DA:50,0
DA:51,0
DA:52,0
DA:53,0
DA:56,0
DA:57,0
DA:58,0
DA:59,0
DA:65,0
DA:66,0
DA:67,0
DA:71,0
DA:72,0
DA:73,0
DA:77,1
DA:78,1
DA:79,0
DA:83,0
DA:84,0
DA:85,0
DA:89,0
DA:90,0
DA:91,0
DA:95,0
DA:96,0
DA:97,0
DA:101,0
DA:102,0
DA:103,0
DA:107,0
DA:109,0
DA:110,0
DA:111,0
DA:115,0
DA:117,0
DA:118,0
DA:122,1
DA:123,3
DA:125,1
DA:126,1
DA:127,1
DA:131,0
DA:133,0
DA:134,0
DA:141,0
DA:143,0
DA:144,0
DA:145,0
DA:154,0
DA:156,0
DA:157,0
DA:158,0
DA:163,0
DA:164,0
DA:171,0
DA:173,0
DA:174,0
DA:176,0
DA:177,0
DA:178,0
DA:181,0
DA:186,0
DA:187,0
DA:194,0
DA:196,0
DA:197,0
DA:199,0
DA:200,0
DA:201,0
DA:204,0
DA:209,0
DA:210,0
DA:217,0
DA:219,0
DA:220,0
DA:223,0
DA:224,0
DA:225,0
DA:235,0
DA:239,0
DA:240,0
DA:242,0
DA:244,0
DA:245,0
DA:246,0
DA:247,0
DA:248,0
DA:253,0
DA:254,0
DA:260,0
DA:264,0
DA:265,0
DA:267,0
DA:269,0
DA:270,0
DA:271,0
DA:272,0
DA:273,0
DA:278,0
DA:279,0
DA:285,0
DA:289,0
DA:296,0
DA:297,0
DA:298,0
DA:302,1
DA:303,1
DA:304,1
DA:311,0
DA:312,0
DA:313,0
DA:314,0
DA:315,0
DA:316,0
DA:318,0
DA:324,0
DA:338,0
DA:348,0
DA:349,0
DA:350,0
DA:351,0
DA:352,0
DA:354,0
DA:358,0
DA:361,0
DA:364,0
DA:367,0
LF:144
LH:12
end_of_record
SF:lib/core/startup/app_startup_manager.dart
DA:17,2
DA:19,1
DA:26,3
DA:29,2
DA:32,1
DA:33,1
DA:34,1
DA:36,0
DA:40,0
DA:41,0
DA:44,0
DA:45,0
DA:49,0
DA:52,0
DA:55,0
DA:58,0
DA:60,0
DA:61,0
DA:64,0
DA:65,0
DA:67,0
DA:68,0
DA:69,0
DA:75,0
DA:76,0
DA:81,0
DA:85,0
DA:87,0
DA:91,0
DA:97,0
DA:99,0
DA:103,0
DA:104,0
DA:107,0
DA:108,0
DA:109,0
DA:112,0
DA:114,0
DA:118,0
DA:119,0
DA:121,0
DA:123,0
DA:127,0
DA:128,0
DA:130,0
DA:132,0
DA:136,0
DA:138,0
DA:142,0
DA:144,0
DA:147,0
DA:150,0
DA:154,0
DA:156,0
DA:161,0
DA:165,0
DA:171,0
DA:173,0
DA:178,0
DA:182,0
DA:188,0
DA:190,0
DA:195,0
DA:199,0
DA:205,1
DA:207,0
DA:220,0
DA:226,0
DA:227,0
DA:234,0
DA:236,0
DA:237,0
DA:240,0
DA:242,0
DA:244,0
DA:245,0
DA:246,0
DA:250,0
DA:253,0
DA:254,0
DA:255,0
DA:261,0
DA:263,0
DA:264,0
DA:265,0
DA:266,0
DA:267,0
DA:269,0
DA:281,0
DA:283,0
DA:284,0
DA:290,0
DA:291,0
DA:292,0
DA:293,0
DA:294,0
DA:296,0
DA:307,0
DA:308,0
DA:311,0
DA:314,0
DA:315,0
DA:316,0
DA:318,0
DA:319,0
DA:321,0
DA:323,0
DA:326,0
DA:327,0
DA:328,0
DA:330,0
DA:333,0
LF:112
LH:8
end_of_record
SF:lib/core/config/supabase_config.dart
DA:12,0
DA:17,0
DA:20,0
DA:21,0
DA:25,0
DA:29,0
DA:32,0
DA:35,0
DA:38,0
DA:39,0
DA:42,0
DA:45,0
DA:49,0
DA:52,0
DA:54,0
DA:59,0
DA:60,0
DA:61,0
DA:62,0
DA:66,0
DA:67,0
DA:68,0
DA:71,0
DA:72,0
DA:75,0
DA:77,0
DA:78,0
DA:84,0
DA:87,0
DA:91,0
DA:92,0
DA:94,0
DA:95,0
DA:96,0
DA:99,0
DA:100,0
DA:102,0
DA:103,0
DA:105,0
DA:106,0
DA:108,0
DA:109,0
DA:111,0
DA:112,0
DA:121,0
DA:129,0
DA:135,0
DA:142,0
DA:149,0
DA:154,0
DA:159,0
DA:165,0
DA:171,0
DA:172,0
DA:178,0
DA:182,0
DA:188,0
DA:193,0
DA:194,0
DA:200,0
DA:201,0
DA:206,0
DA:208,0
DA:209,0
DA:215,0
DA:216,0
DA:222,0
DA:224,0
DA:225,0
DA:231,0
DA:236,0
DA:242,0
DA:243,0
DA:250,0
DA:251,0
DA:257,0
DA:258,0
DA:262,0
DA:266,0
DA:267,0
DA:271,0
DA:275,0
DA:276,0
DA:280,0
DA:284,0
DA:286,0
DA:287,0
LF:87
LH:0
end_of_record
SF:lib/core/services/performance_service.dart
DA:12,1
DA:13,1
DA:15,1
DA:31,1
DA:32,2
DA:33,1
DA:34,1
DA:38,1
DA:39,2
DA:40,1
DA:41,3
DA:42,2
DA:44,2
DA:46,1
DA:47,1
DA:49,2
DA:56,1
DA:57,4
DA:61,1
DA:62,2
DA:64,1
DA:65,2
DA:67,2
DA:69,1
DA:70,0
DA:76,1
DA:77,2
DA:81,1
DA:85,3
DA:86,0
DA:91,1
DA:92,1
DA:93,1
DA:94,1
DA:95,5
DA:97,1
DA:99,1
DA:100,1
DA:101,1
DA:102,1
DA:104,1
DA:109,1
DA:110,1
DA:114,1
DA:117,1
DA:122,1
DA:124,3
DA:125,3
DA:126,2
DA:130,1
DA:131,2
DA:133,0
DA:138,0
DA:141,0
DA:142,0
DA:143,0
DA:147,0
DA:150,0
DA:151,0
DA:157,1
DA:160,2
DA:164,1
DA:165,2
DA:166,3
DA:172,1
DA:173,1
DA:174,1
DA:176,2
DA:177,3
DA:181,1
DA:183,2
DA:184,0
DA:185,0
DA:187,0
DA:189,0
DA:193,0
DA:194,0
DA:202,1
DA:203,1
DA:204,1
DA:205,2
DA:206,0
DA:207,0
DA:210,1
DA:211,0
DA:212,0
DA:213,0
DA:217,2
DA:218,0
DA:219,0
DA:225,1
DA:226,1
DA:234,1
DA:235,1
DA:243,1
DA:244,2
DA:245,2
DA:246,2
DA:258,1
DA:266,0
DA:268,0
DA:280,1
DA:289,1
DA:290,5
DA:293,1
DA:294,5
DA:297,0
DA:298,0
DA:301,0
DA:304,0
DA:305,0
DA:307,0
DA:311,0
DA:312,0
DA:313,0
DA:314,0
DA:315,0
DA:316,0
LF:118
LH:81
end_of_record
SF:lib/core/services/file_permission_manager.dart
DA:12,1
DA:14,1
DA:15,0
DA:17,2
DA:18,1
DA:26,1
DA:28,1
DA:29,0
DA:31,2
DA:32,1
DA:40,1
DA:42,1
DA:43,0
DA:45,2
DA:46,1
DA:54,1
DA:56,1
DA:57,0
DA:59,2
DA:60,1
DA:68,1
DA:70,1
DA:73,1
DA:74,1
DA:75,2
DA:76,0
DA:80,1
DA:81,1
DA:82,2
DA:83,0
DA:86,1
DA:88,0
DA:89,0
DA:96,1
DA:98,1
DA:101,1
DA:102,1
DA:103,2
DA:104,0
DA:108,2
DA:109,0
DA:110,0
DA:111,0
DA:112,0
DA:116,1
DA:118,0
DA:119,0
DA:126,1
DA:129,1
DA:131,1
DA:132,0
DA:133,1
DA:135,3
DA:141,1
DA:142,1
DA:143,0
DA:144,1
DA:145,3
DA:147,2
DA:158,0
DA:159,0
DA:166,0
DA:168,0
DA:169,0
DA:171,0
DA:172,0
DA:180,0
DA:182,0
DA:183,0
DA:185,0
DA:186,0
DA:194,0
DA:196,0
DA:197,0
DA:199,0
DA:200,0
DA:208,0
DA:212,0
DA:213,0
DA:215,0
DA:216,0
DA:223,0
DA:227,0
DA:228,0
DA:229,0
DA:231,0
DA:232,0
DA:239,0
DA:241,0
DA:243,0
DA:245,0
DA:247,0
DA:255,0
DA:257,0
DA:259,0
DA:267,0
DA:269,0
DA:271,0
DA:273,0
DA:275,0
DA:277,0
LF:101
LH:42
end_of_record
SF:lib/core/errors/file_failures.dart
DA:5,1
DA:14,0
DA:21,0
DA:22,0
DA:24,0
DA:25,0
DA:33,0
DA:39,0
DA:40,0
DA:42,0
DA:43,0
DA:51,1
DA:57,0
DA:58,0
DA:60,0
DA:61,0
DA:70,0
DA:77,0
DA:78,0
DA:80,0
DA:81,0
DA:89,0
DA:95,0
DA:96,0
DA:98,0
DA:99,0
DA:107,0
DA:113,0
DA:114,0
DA:116,0
DA:117,0
DA:125,0
DA:131,0
DA:132,0
DA:134,0
DA:135,0
DA:143,0
DA:149,0
DA:150,0
DA:152,0
DA:153,0
LF:41
LH:2
end_of_record
SF:lib/core/errors/failures.dart
DA:20,1
DA:27,0
DA:28,0
DA:30,0
DA:31,0
DA:36,0
DA:43,0
DA:44,0
DA:52,0
DA:60,0
DA:61,0
DA:63,0
DA:64,0
DA:69,0
DA:76,0
DA:77,0
DA:85,0
DA:93,0
DA:94,0
DA:96,0
DA:97,0
DA:123,0
DA:132,0
DA:133,0
DA:135,0
DA:136,0
DA:144,0
DA:152,0
DA:153,0
DA:155,0
DA:156,0
DA:167,0
DA:176,0
DA:177,0
DA:179,0
DA:180,0
DA:191,0
DA:200,0
DA:201,0
DA:203,0
DA:204,0
DA:212,0
DA:220,0
DA:221,0
DA:223,0
DA:224,0
DA:235,0
DA:244,0
DA:245,0
DA:247,0
DA:248,0
DA:262,0
DA:272,0
DA:273,0
DA:275,0
DA:276,0
DA:287,0
DA:296,0
DA:297,0
DA:299,0
DA:300,0
DA:305,0
DA:312,0
DA:313,0
LF:64
LH:1
end_of_record
